HtD : z4150717680i0 ==> z3508535296i0s7
last event: HtD : z4150717680i0 ==> z3508535296i0s7
previous kernel: None
k2
last event: k2
previous kernel: k2
DtH : z3508535808i1s7 ==> z4150717680i1
last event: DtH : z3508535808i1s7 ==> z4150717680i1
previous kernel: k2
HtD : z4150717680i1 ==> z3508536320i0s7
last event: HtD : z4150717680i1 ==> z3508536320i0s7
previous kernel: k2
k6
last event: k6
previous kernel: k6
DtH : z3508536832i1s7 ==> z4150717680i2
last event: DtH : z3508536832i1s7 ==> z4150717680i2
previous kernel: k6
HtD : z4150717680i2 ==> z3508537344i0s7
last event: HtD : z4150717680i2 ==> z3508537344i0s7
previous kernel: k6
k10
last event: k10
previous kernel: k10
DtH : z3508537856i1s7 ==> z4150717680i3
last event: DtH : z3508537856i1s7 ==> z4150717680i3
previous kernel: k10
HtD : z4150717680i3 ==> z3508538368i0s7
last event: HtD : z4150717680i3 ==> z3508538368i0s7
previous kernel: k10
k14
last event: k14
previous kernel: k14
DtH : z3508538880i1s7 ==> z4150717680i4
last event: DtH : z3508538880i1s7 ==> z4150717680i4
previous kernel: k14
testtracesv2
k33
last event: k33
previous kernel: k33
k35
last event: k35
previous kernel: k35
k37
last event: k37
previous kernel: k37
k39
last event: k39
previous kernel: k39
k41
last event: k41
previous kernel: k41
k43
last event: k43
previous kernel: k43
k45
last event: k45
previous kernel: k45
k47
last event: k47
previous kernel: k47
k49
last event: k49
previous kernel: k49
k51
last event: k51
previous kernel: k51
k53
last event: k53
previous kernel: k53
k55
last event: k55
previous kernel: k55
k57
last event: k57
previous kernel: k57
k59
last event: k59
previous kernel: k59
k61
last event: k61
previous kernel: k61
k63
last event: k63
previous kernel: k63
k65
last event: k65
previous kernel: k65
k67
last event: k67
previous kernel: k67
k69
last event: k69
previous kernel: k69
k71
last event: k71
previous kernel: k71
k73
last event: k73
previous kernel: k73
k75
last event: k75
previous kernel: k75
k77
last event: k77
previous kernel: k77
k79
last event: k79
previous kernel: k79
k81
last event: k81
previous kernel: k81
k83
last event: k83
previous kernel: k83
k85
last event: k85
previous kernel: k85
k87
last event: k87
previous kernel: k87
k89
last event: k89
previous kernel: k89
k91
last event: k91
previous kernel: k91
k93
last event: k93
previous kernel: k93
k95
last event: k95
previous kernel: k95
k97
last event: k97
previous kernel: k97
k99
last event: k99
previous kernel: k99
k101
last event: k101
previous kernel: k101
k103
last event: k103
previous kernel: k103
k105
last event: k105
previous kernel: k105
k107
last event: k107
previous kernel: k107
k109
last event: k109
previous kernel: k109
k111
last event: k111
previous kernel: k111
k113
last event: k113
previous kernel: k113
k115
last event: k115
previous kernel: k115
k117
last event: k117
previous kernel: k117
k119
last event: k119
previous kernel: k119
k121
last event: k121
previous kernel: k121
k123
last event: k123
previous kernel: k123
HtD : z454384624i0 ==> z2740998144i0s7
last event: HtD : z454384624i0 ==> z2740998144i0s7
previous kernel: k123
HtD : z454386368i0 ==> z2741000192i0s7
last event: HtD : z454386368i0 ==> z2741000192i0s7
previous kernel: k123
HtD : z454388112i0 ==> z2741002240i0s7
last event: HtD : z454388112i0 ==> z2741002240i0s7
previous kernel: k123
HtD : z454389856i0 ==> z2740978176i0s7
last event: HtD : z454389856i0 ==> z2740978176i0s7
previous kernel: k123
k133
last event: k133
previous kernel: k133
k135
last event: k135
previous kernel: k135
k137
last event: k137
previous kernel: k137
HtD : z454398272i0 ==> z2741025792i0s7
last event: HtD : z454398272i0 ==> z2741025792i0s7
previous kernel: k137
HtD : z454398112i0 ==> z2741025280i0s7
last event: HtD : z454398112i0 ==> z2741025280i0s7
previous kernel: k137
HtD : z454397952i0 ==> z2741024768i0s7
last event: HtD : z454397952i0 ==> z2741024768i0s7
previous kernel: k137
HtD : z454401504i0 ==> z2740985344i0s7
last event: HtD : z454401504i0 ==> z2740985344i0s7
previous kernel: k137
HtD : z454398432i0 ==> z2740982272i0s7
last event: HtD : z454398432i0 ==> z2740982272i0s7
previous kernel: k137
HtD : z454398944i0 ==> z2740982784i0s7
last event: HtD : z454398944i0 ==> z2740982784i0s7
previous kernel: k137
HtD : z454399456i0 ==> z2740983296i0s7
last event: HtD : z454399456i0 ==> z2740983296i0s7
previous kernel: k137
HtD : z454399968i0 ==> z2740983808i0s7
last event: HtD : z454399968i0 ==> z2740983808i0s7
previous kernel: k137
HtD : z454400480i0 ==> z2740984320i0s7
last event: HtD : z454400480i0 ==> z2740984320i0s7
previous kernel: k137
HtD : z454400992i0 ==> z2740984832i0s7
last event: HtD : z454400992i0 ==> z2740984832i0s7
previous kernel: k137
HtD : z454402016i0 ==> z2741026304i0s7
last event: HtD : z454402016i0 ==> z2741026304i0s7
previous kernel: k137
HtD : z442148160i0 ==> z2741027328i0s7
last event: HtD : z442148160i0 ==> z2741027328i0s7
previous kernel: k137
HtD : z454402896i0 ==> z2741028352i0s7
last event: HtD : z454402896i0 ==> z2741028352i0s7
previous kernel: k137
HtD : z454398432i0 ==> z2740977664i0s7
last event: HtD : z454398432i0 ==> z2740977664i0s7
previous kernel: k137
HtD : z454419584i0 ==> z2741022720i0s7
last event: HtD : z454419584i0 ==> z2741022720i0s7
previous kernel: k137
HtD : z445991552i0 ==> z2740992000i0s7
last event: HtD : z445991552i0 ==> z2740992000i0s7
previous kernel: k137
HtD : z442983184i0 ==> z2740997120i0s7
last event: HtD : z442983184i0 ==> z2740997120i0s7
previous kernel: k137
HtD : z1715462032i0 ==> z2740985856i0s7
last event: HtD : z1715462032i0 ==> z2740985856i0s7
previous kernel: k137
DtH : z2740992000i1s7 ==> z1715462064i1
last event: DtH : z2740992000i1s7 ==> z1715462064i1
previous kernel: k137
k177
last event: k177
previous kernel: k177
k179
last event: k179
previous kernel: k179
k181
last event: k181
previous kernel: k181
k183
last event: k183
previous kernel: k183
k185
last event: k185
previous kernel: k185
HtD : z454427472i0 ==> z2741033472i0s7
last event: HtD : z454427472i0 ==> z2741033472i0s7
previous kernel: k185
HtD : z454427536i0 ==> z2741033984i0s7
last event: HtD : z454427536i0 ==> z2741033984i0s7
previous kernel: k185
HtD : z454398944i0 ==> z2741032448i0s7
last event: HtD : z454398944i0 ==> z2741032448i0s7
previous kernel: k185
HtD : z454399456i0 ==> z2741032960i0s7
last event: HtD : z454399456i0 ==> z2741032960i0s7
previous kernel: k185
HtD : z454427600i0 ==> z2741034496i0s7
last event: HtD : z454427600i0 ==> z2741034496i0s7
previous kernel: k185
DtH : z2741022720i2s7 ==> z454419584i1
last event: DtH : z2741022720i2s7 ==> z454419584i1
previous kernel: k185
HtD : z454419584i1 ==> z2741022720i2s7
last event: HtD : z454419584i1 ==> z2741022720i2s7
previous kernel: k185
k201
last event: k201
previous kernel: k201
k203
last event: k203
previous kernel: k203
k205
last event: k205
previous kernel: k205
k207
last event: k207
previous kernel: k207
k208
last event: k208
previous kernel: k208
k209
last event: k209
previous kernel: k209
k210
last event: k210
previous kernel: k210
k211
last event: k211
previous kernel: k211
k212
last event: k212
previous kernel: k212
k213
last event: k213
previous kernel: k213
k214
last event: k214
previous kernel: k214
k216
last event: k216
previous kernel: k216
k218
last event: k218
previous kernel: k218
k220
last event: k220
previous kernel: k220
k222
last event: k222
previous kernel: k222
k224
last event: k224
previous kernel: k224
k226
last event: k226
previous kernel: k226
k228
last event: k228
previous kernel: k228
k230
last event: k230
previous kernel: k230
k232
last event: k232
previous kernel: k232
k234
last event: k234
previous kernel: k234
k235
last event: k235
previous kernel: k235
k236
last event: k236
previous kernel: k236
k237
last event: k237
previous kernel: k237
k239
last event: k239
previous kernel: k239
k241
last event: k241
previous kernel: k241
k242
last event: k242
previous kernel: k242
k243
last event: k243
previous kernel: k243
k244
last event: k244
previous kernel: k244
k245
last event: k245
previous kernel: k245
k246
last event: k246
previous kernel: k246
k247
last event: k247
previous kernel: k247
k248
last event: k248
previous kernel: k248
k249
last event: k249
previous kernel: k249
k250
last event: k250
previous kernel: k250
k251
last event: k251
previous kernel: k251
k252
last event: k252
previous kernel: k252
k253
last event: k253
previous kernel: k253
k254
last event: k254
previous kernel: k254
k255
last event: k255
previous kernel: k255
k256
last event: k256
previous kernel: k256
k257
last event: k257
previous kernel: k257
k258
last event: k258
previous kernel: k258
k259
last event: k259
previous kernel: k259
k260
last event: k260
previous kernel: k260
k261
last event: k261
previous kernel: k261
k262
last event: k262
previous kernel: k262
k263
last event: k263
previous kernel: k263
k264
last event: k264
previous kernel: k264
k265
last event: k265
previous kernel: k265
k266
last event: k266
previous kernel: k266
k267
last event: k267
previous kernel: k267
k268
last event: k268
previous kernel: k268
k269
last event: k269
previous kernel: k269
k270
last event: k270
previous kernel: k270
k271
last event: k271
previous kernel: k271
k272
last event: k272
previous kernel: k272
k273
last event: k273
previous kernel: k273
k274
last event: k274
previous kernel: k274
k275
last event: k275
previous kernel: k275
k276
last event: k276
previous kernel: k276
k277
last event: k277
previous kernel: k277
k278
last event: k278
previous kernel: k278
k279
last event: k279
previous kernel: k279
k280
last event: k280
previous kernel: k280
k281
last event: k281
previous kernel: k281
k282
last event: k282
previous kernel: k282
k283
last event: k283
previous kernel: k283
k284
last event: k284
previous kernel: k284
k285
last event: k285
previous kernel: k285
k286
last event: k286
previous kernel: k286
k287
last event: k287
previous kernel: k287
k288
last event: k288
previous kernel: k288
k289
last event: k289
previous kernel: k289
k290
last event: k290
previous kernel: k290
k291
last event: k291
previous kernel: k291
k292
last event: k292
previous kernel: k292
k293
last event: k293
previous kernel: k293
k294
last event: k294
previous kernel: k294
k295
last event: k295
previous kernel: k295
k296
last event: k296
previous kernel: k296
k297
last event: k297
previous kernel: k297
k298
last event: k298
previous kernel: k298
k299
last event: k299
previous kernel: k299
k300
last event: k300
previous kernel: k300
k301
last event: k301
previous kernel: k301
k302
last event: k302
previous kernel: k302
k303
last event: k303
previous kernel: k303
k304
last event: k304
previous kernel: k304
k305
last event: k305
previous kernel: k305
k306
last event: k306
previous kernel: k306
k307
last event: k307
previous kernel: k307
k308
last event: k308
previous kernel: k308
k309
last event: k309
previous kernel: k309
k310
last event: k310
previous kernel: k310
k311
last event: k311
previous kernel: k311
k312
last event: k312
previous kernel: k312
k313
last event: k313
previous kernel: k313
k314
last event: k314
previous kernel: k314
k315
last event: k315
previous kernel: k315
k316
last event: k316
previous kernel: k316
k317
last event: k317
previous kernel: k317
k318
last event: k318
previous kernel: k318
k319
last event: k319
previous kernel: k319
k320
last event: k320
previous kernel: k320
k321
last event: k321
previous kernel: k321
k322
last event: k322
previous kernel: k322
k323
last event: k323
previous kernel: k323
k324
last event: k324
previous kernel: k324
k325
last event: k325
previous kernel: k325
k326
last event: k326
previous kernel: k326
k327
last event: k327
previous kernel: k327
k328
last event: k328
previous kernel: k328
k329
last event: k329
previous kernel: k329
k330
last event: k330
previous kernel: k330
k331
last event: k331
previous kernel: k331
k332
last event: k332
previous kernel: k332
k333
last event: k333
previous kernel: k333
k334
last event: k334
previous kernel: k334
k335
last event: k335
previous kernel: k335
k336
last event: k336
previous kernel: k336
k337
last event: k337
previous kernel: k337
k338
last event: k338
previous kernel: k338
k339
last event: k339
previous kernel: k339
k340
last event: k340
previous kernel: k340
k341
last event: k341
previous kernel: k341
k342
last event: k342
previous kernel: k342
k343
last event: k343
previous kernel: k343
k344
last event: k344
previous kernel: k344
k345
last event: k345
previous kernel: k345
k346
last event: k346
previous kernel: k346
k347
last event: k347
previous kernel: k347
k348
last event: k348
previous kernel: k348
k349
last event: k349
previous kernel: k349
k350
last event: k350
previous kernel: k350
k351
last event: k351
previous kernel: k351
k352
last event: k352
previous kernel: k352
k353
last event: k353
previous kernel: k353
k354
last event: k354
previous kernel: k354
k355
last event: k355
previous kernel: k355
k356
last event: k356
previous kernel: k356
k357
last event: k357
previous kernel: k357
k358
last event: k358
previous kernel: k358
k359
last event: k359
previous kernel: k359
k360
last event: k360
previous kernel: k360
k361
last event: k361
previous kernel: k361
k362
last event: k362
previous kernel: k362
k363
last event: k363
previous kernel: k363
k364
last event: k364
previous kernel: k364
k365
last event: k365
previous kernel: k365
k366
last event: k366
previous kernel: k366
k367
last event: k367
previous kernel: k367
k368
last event: k368
previous kernel: k368
k369
last event: k369
previous kernel: k369
k370
last event: k370
previous kernel: k370
k371
last event: k371
previous kernel: k371
k372
last event: k372
previous kernel: k372
k373
last event: k373
previous kernel: k373
k374
last event: k374
previous kernel: k374
k375
last event: k375
previous kernel: k375
k376
last event: k376
previous kernel: k376
k377
last event: k377
previous kernel: k377
k378
last event: k378
previous kernel: k378
k379
last event: k379
previous kernel: k379
k380
last event: k380
previous kernel: k380
k381
last event: k381
previous kernel: k381
k382
last event: k382
previous kernel: k382
k383
last event: k383
previous kernel: k383
k384
last event: k384
previous kernel: k384
k385
last event: k385
previous kernel: k385
k386
last event: k386
previous kernel: k386
k387
last event: k387
previous kernel: k387
k388
last event: k388
previous kernel: k388
k389
last event: k389
previous kernel: k389
k390
last event: k390
previous kernel: k390
k391
last event: k391
previous kernel: k391
k392
last event: k392
previous kernel: k392
k393
last event: k393
previous kernel: k393
k394
last event: k394
previous kernel: k394
k395
last event: k395
previous kernel: k395
k396
last event: k396
previous kernel: k396
k397
last event: k397
previous kernel: k397
k398
last event: k398
previous kernel: k398
k399
last event: k399
previous kernel: k399
k400
last event: k400
previous kernel: k400
k401
last event: k401
previous kernel: k401
k402
last event: k402
previous kernel: k402
k403
last event: k403
previous kernel: k403
k404
last event: k404
previous kernel: k404
k405
last event: k405
previous kernel: k405
k406
last event: k406
previous kernel: k406
k407
last event: k407
previous kernel: k407
k408
last event: k408
previous kernel: k408
k409
last event: k409
previous kernel: k409
k410
last event: k410
previous kernel: k410
k411
last event: k411
previous kernel: k411
k412
last event: k412
previous kernel: k412
k413
last event: k413
previous kernel: k413
k414
last event: k414
previous kernel: k414
k415
last event: k415
previous kernel: k415
k416
last event: k416
previous kernel: k416
k417
last event: k417
previous kernel: k417
k418
last event: k418
previous kernel: k418
k419
last event: k419
previous kernel: k419
k420
last event: k420
previous kernel: k420
k421
last event: k421
previous kernel: k421
k422
last event: k422
previous kernel: k422
k423
last event: k423
previous kernel: k423
k424
last event: k424
previous kernel: k424
k425
last event: k425
previous kernel: k425
k426
last event: k426
previous kernel: k426
k427
last event: k427
previous kernel: k427
k428
last event: k428
previous kernel: k428
k429
last event: k429
previous kernel: k429
k430
last event: k430
previous kernel: k430
k431
last event: k431
previous kernel: k431
k432
last event: k432
previous kernel: k432
k433
last event: k433
previous kernel: k433
k434
last event: k434
previous kernel: k434
k435
last event: k435
previous kernel: k435
k436
last event: k436
previous kernel: k436
k437
last event: k437
previous kernel: k437
k438
last event: k438
previous kernel: k438
k439
last event: k439
previous kernel: k439
k440
last event: k440
previous kernel: k440
k441
last event: k441
previous kernel: k441
k442
last event: k442
previous kernel: k442
k443
last event: k443
previous kernel: k443
k444
last event: k444
previous kernel: k444
k445
last event: k445
previous kernel: k445
k446
last event: k446
previous kernel: k446
k447
last event: k447
previous kernel: k447
k448
last event: k448
previous kernel: k448
k449
last event: k449
previous kernel: k449
k450
last event: k450
previous kernel: k450
k451
last event: k451
previous kernel: k451
k452
last event: k452
previous kernel: k452
k453
last event: k453
previous kernel: k453
k454
last event: k454
previous kernel: k454
k455
last event: k455
previous kernel: k455
k456
last event: k456
previous kernel: k456
k457
last event: k457
previous kernel: k457
k458
last event: k458
previous kernel: k458
k459
last event: k459
previous kernel: k459
k460
last event: k460
previous kernel: k460
k461
last event: k461
previous kernel: k461
k462
last event: k462
previous kernel: k462
k463
last event: k463
previous kernel: k463
k464
last event: k464
previous kernel: k464
k465
last event: k465
previous kernel: k465
k466
last event: k466
previous kernel: k466
k467
last event: k467
previous kernel: k467
k468
last event: k468
previous kernel: k468
k469
last event: k469
previous kernel: k469
k470
last event: k470
previous kernel: k470
k471
last event: k471
previous kernel: k471
k472
last event: k472
previous kernel: k472
k473
last event: k473
previous kernel: k473
k474
last event: k474
previous kernel: k474
k475
last event: k475
previous kernel: k475
k476
last event: k476
previous kernel: k476
k477
last event: k477
previous kernel: k477
k478
last event: k478
previous kernel: k478
k479
last event: k479
previous kernel: k479
k480
last event: k480
previous kernel: k480
k481
last event: k481
previous kernel: k481
k482
last event: k482
previous kernel: k482
k483
last event: k483
previous kernel: k483
k484
last event: k484
previous kernel: k484
k485
last event: k485
previous kernel: k485
k486
last event: k486
previous kernel: k486
k487
last event: k487
previous kernel: k487
k488
last event: k488
previous kernel: k488
k489
last event: k489
previous kernel: k489
k490
last event: k490
previous kernel: k490
k491
last event: k491
previous kernel: k491
k492
last event: k492
previous kernel: k492
k493
last event: k493
previous kernel: k493
k494
last event: k494
previous kernel: k494
k495
last event: k495
previous kernel: k495
k496
last event: k496
previous kernel: k496
k497
last event: k497
previous kernel: k497
k498
last event: k498
previous kernel: k498
k499
last event: k499
previous kernel: k499
k500
last event: k500
previous kernel: k500
k501
last event: k501
previous kernel: k501
k502
last event: k502
previous kernel: k502
k503
last event: k503
previous kernel: k503
k504
last event: k504
previous kernel: k504
k505
last event: k505
previous kernel: k505
k506
last event: k506
previous kernel: k506
k507
last event: k507
previous kernel: k507
k508
last event: k508
previous kernel: k508
k509
last event: k509
previous kernel: k509
k510
last event: k510
previous kernel: k510
k511
last event: k511
previous kernel: k511
k512
last event: k512
previous kernel: k512
k513
last event: k513
previous kernel: k513
k514
last event: k514
previous kernel: k514
k515
last event: k515
previous kernel: k515
k516
last event: k516
previous kernel: k516
k517
last event: k517
previous kernel: k517
k518
last event: k518
previous kernel: k518
k519
last event: k519
previous kernel: k519
k520
last event: k520
previous kernel: k520
k521
last event: k521
previous kernel: k521
k522
last event: k522
previous kernel: k522
k523
last event: k523
previous kernel: k523
k524
last event: k524
previous kernel: k524
k525
last event: k525
previous kernel: k525
k526
last event: k526
previous kernel: k526
k527
last event: k527
previous kernel: k527
k528
last event: k528
previous kernel: k528
k529
last event: k529
previous kernel: k529
k530
last event: k530
previous kernel: k530
k531
last event: k531
previous kernel: k531
k532
last event: k532
previous kernel: k532
k533
last event: k533
previous kernel: k533
k534
last event: k534
previous kernel: k534
k535
last event: k535
previous kernel: k535
k536
last event: k536
previous kernel: k536
k537
last event: k537
previous kernel: k537
k538
last event: k538
previous kernel: k538
k539
last event: k539
previous kernel: k539
k540
last event: k540
previous kernel: k540
k541
last event: k541
previous kernel: k541
k542
last event: k542
previous kernel: k542
k543
last event: k543
previous kernel: k543
k544
last event: k544
previous kernel: k544
k545
last event: k545
previous kernel: k545
k546
last event: k546
previous kernel: k546
k547
last event: k547
previous kernel: k547
k548
last event: k548
previous kernel: k548
k549
last event: k549
previous kernel: k549
k550
last event: k550
previous kernel: k550
k551
last event: k551
previous kernel: k551
k552
last event: k552
previous kernel: k552
k553
last event: k553
previous kernel: k553
k554
last event: k554
previous kernel: k554
k555
last event: k555
previous kernel: k555
k556
last event: k556
previous kernel: k556
k557
last event: k557
previous kernel: k557
k558
last event: k558
previous kernel: k558
k559
last event: k559
previous kernel: k559
k560
last event: k560
previous kernel: k560
k561
last event: k561
previous kernel: k561
k562
last event: k562
previous kernel: k562
k563
last event: k563
previous kernel: k563
k564
last event: k564
previous kernel: k564
k565
last event: k565
previous kernel: k565
k566
last event: k566
previous kernel: k566
k567
last event: k567
previous kernel: k567
k568
last event: k568
previous kernel: k568
k569
last event: k569
previous kernel: k569
k570
last event: k570
previous kernel: k570
k571
last event: k571
previous kernel: k571
k572
last event: k572
previous kernel: k572
k573
last event: k573
previous kernel: k573
k574
last event: k574
previous kernel: k574
k575
last event: k575
previous kernel: k575
k576
last event: k576
previous kernel: k576
k577
last event: k577
previous kernel: k577
k578
last event: k578
previous kernel: k578
k579
last event: k579
previous kernel: k579
k580
last event: k580
previous kernel: k580
k581
last event: k581
previous kernel: k581
k582
last event: k582
previous kernel: k582
k583
last event: k583
previous kernel: k583
k584
last event: k584
previous kernel: k584
k585
last event: k585
previous kernel: k585
k586
last event: k586
previous kernel: k586
k587
last event: k587
previous kernel: k587
k588
last event: k588
previous kernel: k588
k589
last event: k589
previous kernel: k589
k590
last event: k590
previous kernel: k590
k591
last event: k591
previous kernel: k591
k592
last event: k592
previous kernel: k592
k593
last event: k593
previous kernel: k593
k594
last event: k594
previous kernel: k594
k595
last event: k595
previous kernel: k595
k596
last event: k596
previous kernel: k596
k597
last event: k597
previous kernel: k597
k598
last event: k598
previous kernel: k598
k599
last event: k599
previous kernel: k599
k600
last event: k600
previous kernel: k600
k601
last event: k601
previous kernel: k601
k602
last event: k602
previous kernel: k602
k603
last event: k603
previous kernel: k603
k604
last event: k604
previous kernel: k604
k605
last event: k605
previous kernel: k605
k606
last event: k606
previous kernel: k606
k607
last event: k607
previous kernel: k607
k608
last event: k608
previous kernel: k608
k609
last event: k609
previous kernel: k609
k610
last event: k610
previous kernel: k610
k611
last event: k611
previous kernel: k611
k612
last event: k612
previous kernel: k612
k613
last event: k613
previous kernel: k613
k614
last event: k614
previous kernel: k614
k615
last event: k615
previous kernel: k615
k616
last event: k616
previous kernel: k616
k617
last event: k617
previous kernel: k617
k618
last event: k618
previous kernel: k618
k619
last event: k619
previous kernel: k619
k620
last event: k620
previous kernel: k620
k621
last event: k621
previous kernel: k621
k622
last event: k622
previous kernel: k622
k623
last event: k623
previous kernel: k623
k624
last event: k624
previous kernel: k624
k625
last event: k625
previous kernel: k625
k626
last event: k626
previous kernel: k626
k627
last event: k627
previous kernel: k627
k628
last event: k628
previous kernel: k628
k629
last event: k629
previous kernel: k629
k630
last event: k630
previous kernel: k630
k631
last event: k631
previous kernel: k631
k632
last event: k632
previous kernel: k632
k633
last event: k633
previous kernel: k633
k634
last event: k634
previous kernel: k634
k635
last event: k635
previous kernel: k635
k636
last event: k636
previous kernel: k636
k637
last event: k637
previous kernel: k637
k638
last event: k638
previous kernel: k638
k639
last event: k639
previous kernel: k639
k640
last event: k640
previous kernel: k640
k641
last event: k641
previous kernel: k641
k642
last event: k642
previous kernel: k642
k643
last event: k643
previous kernel: k643
k644
last event: k644
previous kernel: k644
k645
last event: k645
previous kernel: k645
k646
last event: k646
previous kernel: k646
k647
last event: k647
previous kernel: k647
k648
last event: k648
previous kernel: k648
k649
last event: k649
previous kernel: k649
k650
last event: k650
previous kernel: k650
k651
last event: k651
previous kernel: k651
k652
last event: k652
previous kernel: k652
k653
last event: k653
previous kernel: k653
k654
last event: k654
previous kernel: k654
k655
last event: k655
previous kernel: k655
k656
last event: k656
previous kernel: k656
k657
last event: k657
previous kernel: k657
k658
last event: k658
previous kernel: k658
k659
last event: k659
previous kernel: k659
k660
last event: k660
previous kernel: k660
k661
last event: k661
previous kernel: k661
k662
last event: k662
previous kernel: k662
k663
last event: k663
previous kernel: k663
k664
last event: k664
previous kernel: k664
k665
last event: k665
previous kernel: k665
k666
last event: k666
previous kernel: k666
k667
last event: k667
previous kernel: k667
k668
last event: k668
previous kernel: k668
k669
last event: k669
previous kernel: k669
k670
last event: k670
previous kernel: k670
k671
last event: k671
previous kernel: k671
k672
last event: k672
previous kernel: k672
k673
last event: k673
previous kernel: k673
k674
last event: k674
previous kernel: k674
k675
last event: k675
previous kernel: k675
k676
last event: k676
previous kernel: k676
k677
last event: k677
previous kernel: k677
k678
last event: k678
previous kernel: k678
k679
last event: k679
previous kernel: k679
k680
last event: k680
previous kernel: k680
k681
last event: k681
previous kernel: k681
k682
last event: k682
previous kernel: k682
k683
last event: k683
previous kernel: k683
k684
last event: k684
previous kernel: k684
k685
last event: k685
previous kernel: k685
k686
last event: k686
previous kernel: k686
k687
last event: k687
previous kernel: k687
k688
last event: k688
previous kernel: k688
k689
last event: k689
previous kernel: k689
k690
last event: k690
previous kernel: k690
k691
last event: k691
previous kernel: k691
k692
last event: k692
previous kernel: k692
k693
last event: k693
previous kernel: k693
k694
last event: k694
previous kernel: k694
k695
last event: k695
previous kernel: k695
k696
last event: k696
previous kernel: k696
k697
last event: k697
previous kernel: k697
k698
last event: k698
previous kernel: k698
k699
last event: k699
previous kernel: k699
k700
last event: k700
previous kernel: k700
k701
last event: k701
previous kernel: k701
k702
last event: k702
previous kernel: k702
k703
last event: k703
previous kernel: k703
k704
last event: k704
previous kernel: k704
k705
last event: k705
previous kernel: k705
k706
last event: k706
previous kernel: k706
k707
last event: k707
previous kernel: k707
k708
last event: k708
previous kernel: k708
k709
last event: k709
previous kernel: k709
k710
last event: k710
previous kernel: k710
k711
last event: k711
previous kernel: k711
k712
last event: k712
previous kernel: k712
k713
last event: k713
previous kernel: k713
k714
last event: k714
previous kernel: k714
k715
last event: k715
previous kernel: k715
k716
last event: k716
previous kernel: k716
k717
last event: k717
previous kernel: k717
k718
last event: k718
previous kernel: k718
k719
last event: k719
previous kernel: k719
k720
last event: k720
previous kernel: k720
k721
last event: k721
previous kernel: k721
k722
last event: k722
previous kernel: k722
k723
last event: k723
previous kernel: k723
k724
last event: k724
previous kernel: k724
k725
last event: k725
previous kernel: k725
k726
last event: k726
previous kernel: k726
k727
last event: k727
previous kernel: k727
k728
last event: k728
previous kernel: k728
k729
last event: k729
previous kernel: k729
k730
last event: k730
previous kernel: k730
k731
last event: k731
previous kernel: k731
k732
last event: k732
previous kernel: k732
k733
last event: k733
previous kernel: k733
k734
last event: k734
previous kernel: k734
k735
last event: k735
previous kernel: k735
k736
last event: k736
previous kernel: k736
k737
last event: k737
previous kernel: k737
k738
last event: k738
previous kernel: k738
k739
last event: k739
previous kernel: k739
k740
last event: k740
previous kernel: k740
k741
last event: k741
previous kernel: k741
k742
last event: k742
previous kernel: k742
k743
last event: k743
previous kernel: k743
k744
last event: k744
previous kernel: k744
k745
last event: k745
previous kernel: k745
k746
last event: k746
previous kernel: k746
k747
last event: k747
previous kernel: k747
k748
last event: k748
previous kernel: k748
k749
last event: k749
previous kernel: k749
k750
last event: k750
previous kernel: k750
k751
last event: k751
previous kernel: k751
k752
last event: k752
previous kernel: k752
k753
last event: k753
previous kernel: k753
k754
last event: k754
previous kernel: k754
k755
last event: k755
previous kernel: k755
k756
last event: k756
previous kernel: k756
k757
last event: k757
previous kernel: k757
k758
last event: k758
previous kernel: k758
k759
last event: k759
previous kernel: k759
k760
last event: k760
previous kernel: k760
k761
last event: k761
previous kernel: k761
k762
last event: k762
previous kernel: k762
k763
last event: k763
previous kernel: k763
k764
last event: k764
previous kernel: k764
k765
last event: k765
previous kernel: k765
k766
last event: k766
previous kernel: k766
k767
last event: k767
previous kernel: k767
k768
last event: k768
previous kernel: k768
k769
last event: k769
previous kernel: k769
k770
last event: k770
previous kernel: k770
k771
last event: k771
previous kernel: k771
k772
last event: k772
previous kernel: k772
k773
last event: k773
previous kernel: k773
k774
last event: k774
previous kernel: k774
k775
last event: k775
previous kernel: k775
k776
last event: k776
previous kernel: k776
k777
last event: k777
previous kernel: k777
k778
last event: k778
previous kernel: k778
k779
last event: k779
previous kernel: k779
k780
last event: k780
previous kernel: k780
k781
last event: k781
previous kernel: k781
k782
last event: k782
previous kernel: k782
k783
last event: k783
previous kernel: k783
k784
last event: k784
previous kernel: k784
k785
last event: k785
previous kernel: k785
k786
last event: k786
previous kernel: k786
k787
last event: k787
previous kernel: k787
k788
last event: k788
previous kernel: k788
k789
last event: k789
previous kernel: k789
k790
last event: k790
previous kernel: k790
k791
last event: k791
previous kernel: k791
k792
last event: k792
previous kernel: k792
k793
last event: k793
previous kernel: k793
k794
last event: k794
previous kernel: k794
k795
last event: k795
previous kernel: k795
k796
last event: k796
previous kernel: k796
k797
last event: k797
previous kernel: k797
k798
last event: k798
previous kernel: k798
k799
last event: k799
previous kernel: k799
k800
last event: k800
previous kernel: k800
k801
last event: k801
previous kernel: k801
k802
last event: k802
previous kernel: k802
k803
last event: k803
previous kernel: k803
k804
last event: k804
previous kernel: k804
k805
last event: k805
previous kernel: k805
k806
last event: k806
previous kernel: k806
k807
last event: k807
previous kernel: k807
k808
last event: k808
previous kernel: k808
k809
last event: k809
previous kernel: k809
k810
last event: k810
previous kernel: k810
k811
last event: k811
previous kernel: k811
k812
last event: k812
previous kernel: k812
k813
last event: k813
previous kernel: k813
k814
last event: k814
previous kernel: k814
k815
last event: k815
previous kernel: k815
k816
last event: k816
previous kernel: k816
k817
last event: k817
previous kernel: k817
k818
last event: k818
previous kernel: k818
k819
last event: k819
previous kernel: k819
k820
last event: k820
previous kernel: k820
k821
last event: k821
previous kernel: k821
k822
last event: k822
previous kernel: k822
k823
last event: k823
previous kernel: k823
k824
last event: k824
previous kernel: k824
k825
last event: k825
previous kernel: k825
k826
last event: k826
previous kernel: k826
k827
last event: k827
previous kernel: k827
k828
last event: k828
previous kernel: k828
k829
last event: k829
previous kernel: k829
k830
last event: k830
previous kernel: k830
k831
last event: k831
previous kernel: k831
k832
last event: k832
previous kernel: k832
k833
last event: k833
previous kernel: k833
k834
last event: k834
previous kernel: k834
k835
last event: k835
previous kernel: k835
k836
last event: k836
previous kernel: k836
k837
last event: k837
previous kernel: k837
k838
last event: k838
previous kernel: k838
k839
last event: k839
previous kernel: k839
k840
last event: k840
previous kernel: k840
k841
last event: k841
previous kernel: k841
k842
last event: k842
previous kernel: k842
k843
last event: k843
previous kernel: k843
k844
last event: k844
previous kernel: k844
k845
last event: k845
previous kernel: k845
k846
last event: k846
previous kernel: k846
k847
last event: k847
previous kernel: k847
k848
last event: k848
previous kernel: k848
k849
last event: k849
previous kernel: k849
k850
last event: k850
previous kernel: k850
k851
last event: k851
previous kernel: k851
k852
last event: k852
previous kernel: k852
k853
last event: k853
previous kernel: k853
k854
last event: k854
previous kernel: k854
k855
last event: k855
previous kernel: k855
k856
last event: k856
previous kernel: k856
k857
last event: k857
previous kernel: k857
k858
last event: k858
previous kernel: k858
k859
last event: k859
previous kernel: k859
k860
last event: k860
previous kernel: k860
k861
last event: k861
previous kernel: k861
k862
last event: k862
previous kernel: k862
k863
last event: k863
previous kernel: k863
k864
last event: k864
previous kernel: k864
k865
last event: k865
previous kernel: k865
k866
last event: k866
previous kernel: k866
k867
last event: k867
previous kernel: k867
k868
last event: k868
previous kernel: k868
k869
last event: k869
previous kernel: k869
k870
last event: k870
previous kernel: k870
k871
last event: k871
previous kernel: k871
k872
last event: k872
previous kernel: k872
k873
last event: k873
previous kernel: k873
k874
last event: k874
previous kernel: k874
k875
last event: k875
previous kernel: k875
k876
last event: k876
previous kernel: k876
k877
last event: k877
previous kernel: k877
k878
last event: k878
previous kernel: k878
k879
last event: k879
previous kernel: k879
k880
last event: k880
previous kernel: k880
k881
last event: k881
previous kernel: k881
k882
last event: k882
previous kernel: k882
k883
last event: k883
previous kernel: k883
k884
last event: k884
previous kernel: k884
k885
last event: k885
previous kernel: k885
k886
last event: k886
previous kernel: k886
k887
last event: k887
previous kernel: k887
k888
last event: k888
previous kernel: k888
k889
last event: k889
previous kernel: k889
k890
last event: k890
previous kernel: k890
k891
last event: k891
previous kernel: k891
k892
last event: k892
previous kernel: k892
k893
last event: k893
previous kernel: k893
k894
last event: k894
previous kernel: k894
k895
last event: k895
previous kernel: k895
k896
last event: k896
previous kernel: k896
k897
last event: k897
previous kernel: k897
k898
last event: k898
previous kernel: k898
k899
last event: k899
previous kernel: k899
k900
last event: k900
previous kernel: k900
k901
last event: k901
previous kernel: k901
k902
last event: k902
previous kernel: k902
k903
last event: k903
previous kernel: k903
k904
last event: k904
previous kernel: k904
k905
last event: k905
previous kernel: k905
k906
last event: k906
previous kernel: k906
k907
last event: k907
previous kernel: k907
k908
last event: k908
previous kernel: k908
k909
last event: k909
previous kernel: k909
k910
last event: k910
previous kernel: k910
k911
last event: k911
previous kernel: k911
k912
last event: k912
previous kernel: k912
k913
last event: k913
previous kernel: k913
k914
last event: k914
previous kernel: k914
k915
last event: k915
previous kernel: k915
k916
last event: k916
previous kernel: k916
k917
last event: k917
previous kernel: k917
k918
last event: k918
previous kernel: k918
k919
last event: k919
previous kernel: k919
k920
last event: k920
previous kernel: k920
k921
last event: k921
previous kernel: k921
k922
last event: k922
previous kernel: k922
k923
last event: k923
previous kernel: k923
k924
last event: k924
previous kernel: k924
k925
last event: k925
previous kernel: k925
k926
last event: k926
previous kernel: k926
k927
last event: k927
previous kernel: k927
k928
last event: k928
previous kernel: k928
k929
last event: k929
previous kernel: k929
k930
last event: k930
previous kernel: k930
k931
last event: k931
previous kernel: k931
k932
last event: k932
previous kernel: k932
k933
last event: k933
previous kernel: k933
k934
last event: k934
previous kernel: k934
k935
last event: k935
previous kernel: k935
k936
last event: k936
previous kernel: k936
k937
last event: k937
previous kernel: k937
k938
last event: k938
previous kernel: k938
k939
last event: k939
previous kernel: k939
k940
last event: k940
previous kernel: k940
k941
last event: k941
previous kernel: k941
k942
last event: k942
previous kernel: k942
k943
last event: k943
previous kernel: k943
k944
last event: k944
previous kernel: k944
k945
last event: k945
previous kernel: k945
k946
last event: k946
previous kernel: k946
k947
last event: k947
previous kernel: k947
k948
last event: k948
previous kernel: k948
k949
last event: k949
previous kernel: k949
k950
last event: k950
previous kernel: k950
k951
last event: k951
previous kernel: k951
k952
last event: k952
previous kernel: k952
k953
last event: k953
previous kernel: k953
k954
last event: k954
previous kernel: k954
k955
last event: k955
previous kernel: k955
k956
last event: k956
previous kernel: k956
k957
last event: k957
previous kernel: k957
k958
last event: k958
previous kernel: k958
k959
last event: k959
previous kernel: k959
k960
last event: k960
previous kernel: k960
k961
last event: k961
previous kernel: k961
k962
last event: k962
previous kernel: k962
k963
last event: k963
previous kernel: k963
k964
last event: k964
previous kernel: k964
k965
last event: k965
previous kernel: k965
k966
last event: k966
previous kernel: k966
k967
last event: k967
previous kernel: k967
k968
last event: k968
previous kernel: k968
k969
last event: k969
previous kernel: k969
k970
last event: k970
previous kernel: k970
k971
last event: k971
previous kernel: k971
k972
last event: k972
previous kernel: k972
k973
last event: k973
previous kernel: k973
k974
last event: k974
previous kernel: k974
k975
last event: k975
previous kernel: k975
k976
last event: k976
previous kernel: k976
k977
last event: k977
previous kernel: k977
k978
last event: k978
previous kernel: k978
k979
last event: k979
previous kernel: k979
k980
last event: k980
previous kernel: k980
k981
last event: k981
previous kernel: k981
k982
last event: k982
previous kernel: k982
k983
last event: k983
previous kernel: k983
k984
last event: k984
previous kernel: k984
k985
last event: k985
previous kernel: k985
k986
last event: k986
previous kernel: k986
k987
last event: k987
previous kernel: k987
k988
last event: k988
previous kernel: k988
k989
last event: k989
previous kernel: k989
k990
last event: k990
previous kernel: k990
k991
last event: k991
previous kernel: k991
k992
last event: k992
previous kernel: k992
k993
last event: k993
previous kernel: k993
k994
last event: k994
previous kernel: k994
k995
last event: k995
previous kernel: k995
k996
last event: k996
previous kernel: k996
k997
last event: k997
previous kernel: k997
k998
last event: k998
previous kernel: k998
k999
last event: k999
previous kernel: k999
k1000
last event: k1000
previous kernel: k1000
k1001
last event: k1001
previous kernel: k1001
k1002
last event: k1002
previous kernel: k1002
k1003
last event: k1003
previous kernel: k1003
k1004
last event: k1004
previous kernel: k1004
k1005
last event: k1005
previous kernel: k1005
k1006
last event: k1006
previous kernel: k1006
k1007
last event: k1007
previous kernel: k1007
k1008
last event: k1008
previous kernel: k1008
k1009
last event: k1009
previous kernel: k1009
k1010
last event: k1010
previous kernel: k1010
k1011
last event: k1011
previous kernel: k1011
k1012
last event: k1012
previous kernel: k1012
k1013
last event: k1013
previous kernel: k1013
k1014
last event: k1014
previous kernel: k1014
k1015
last event: k1015
previous kernel: k1015
k1016
last event: k1016
previous kernel: k1016
k1017
last event: k1017
previous kernel: k1017
k1018
last event: k1018
previous kernel: k1018
k1019
last event: k1019
previous kernel: k1019
k1020
last event: k1020
previous kernel: k1020
k1021
last event: k1021
previous kernel: k1021
k1022
last event: k1022
previous kernel: k1022
k1023
last event: k1023
previous kernel: k1023
k1024
last event: k1024
previous kernel: k1024
k1025
last event: k1025
previous kernel: k1025
k1026
last event: k1026
previous kernel: k1026
k1027
last event: k1027
previous kernel: k1027
k1028
last event: k1028
previous kernel: k1028
k1029
last event: k1029
previous kernel: k1029
k1030
last event: k1030
previous kernel: k1030
k1031
last event: k1031
previous kernel: k1031
k1032
last event: k1032
previous kernel: k1032
k1033
last event: k1033
previous kernel: k1033
k1034
last event: k1034
previous kernel: k1034
k1035
last event: k1035
previous kernel: k1035
k1036
last event: k1036
previous kernel: k1036
k1037
last event: k1037
previous kernel: k1037
k1038
last event: k1038
previous kernel: k1038
k1039
last event: k1039
previous kernel: k1039
k1040
last event: k1040
previous kernel: k1040
k1041
last event: k1041
previous kernel: k1041
k1042
last event: k1042
previous kernel: k1042
k1043
last event: k1043
previous kernel: k1043
k1044
last event: k1044
previous kernel: k1044
k1045
last event: k1045
previous kernel: k1045
k1046
last event: k1046
previous kernel: k1046
k1047
last event: k1047
previous kernel: k1047
k1048
last event: k1048
previous kernel: k1048
k1049
last event: k1049
previous kernel: k1049
k1050
last event: k1050
previous kernel: k1050
k1051
last event: k1051
previous kernel: k1051
k1052
last event: k1052
previous kernel: k1052
k1053
last event: k1053
previous kernel: k1053
k1054
last event: k1054
previous kernel: k1054
k1055
last event: k1055
previous kernel: k1055
k1056
last event: k1056
previous kernel: k1056
k1057
last event: k1057
previous kernel: k1057
k1058
last event: k1058
previous kernel: k1058
k1059
last event: k1059
previous kernel: k1059
k1060
last event: k1060
previous kernel: k1060
k1061
last event: k1061
previous kernel: k1061
k1062
last event: k1062
previous kernel: k1062
k1063
last event: k1063
previous kernel: k1063
k1064
last event: k1064
previous kernel: k1064
k1065
last event: k1065
previous kernel: k1065
k1066
last event: k1066
previous kernel: k1066
k1067
last event: k1067
previous kernel: k1067
k1068
last event: k1068
previous kernel: k1068
k1069
last event: k1069
previous kernel: k1069
k1070
last event: k1070
previous kernel: k1070
k1071
last event: k1071
previous kernel: k1071
k1072
last event: k1072
previous kernel: k1072
k1073
last event: k1073
previous kernel: k1073
k1074
last event: k1074
previous kernel: k1074
k1075
last event: k1075
previous kernel: k1075
k1076
last event: k1076
previous kernel: k1076
k1077
last event: k1077
previous kernel: k1077
k1078
last event: k1078
previous kernel: k1078
k1079
last event: k1079
previous kernel: k1079
k1080
last event: k1080
previous kernel: k1080
k1081
last event: k1081
previous kernel: k1081
k1082
last event: k1082
previous kernel: k1082
k1083
last event: k1083
previous kernel: k1083
k1084
last event: k1084
previous kernel: k1084
k1085
last event: k1085
previous kernel: k1085
k1086
last event: k1086
previous kernel: k1086
k1087
last event: k1087
previous kernel: k1087
k1088
last event: k1088
previous kernel: k1088
k1089
last event: k1089
previous kernel: k1089
k1090
last event: k1090
previous kernel: k1090
k1091
last event: k1091
previous kernel: k1091
k1092
last event: k1092
previous kernel: k1092
k1093
last event: k1093
previous kernel: k1093
k1094
last event: k1094
previous kernel: k1094
DtH : z2740985856i2s7 ==> z1715462368i1
last event: DtH : z2740985856i2s7 ==> z1715462368i1
previous kernel: k1094
DtH : z2740985856i3s7 ==> z454537680i1
last event: DtH : z2740985856i3s7 ==> z454537680i1
previous kernel: k1094
DtH : z2740998144i2s7 ==> z454537888i1
last event: DtH : z2740998144i2s7 ==> z454537888i1
previous kernel: k1094
DtH : z2741000192i2s7 ==> z454539632i1
last event: DtH : z2741000192i2s7 ==> z454539632i1
previous kernel: k1094
DtH : z2741002240i2s7 ==> z454541376i1
last event: DtH : z2741002240i2s7 ==> z454541376i1
previous kernel: k1094
luleshtraces
HtD : z924844032i0 ==> z926941184i0s14
last event: HtD : z924844032i0 ==> z926941184i0s14
previous kernel: None
k4
last event: k4
previous kernel: k4
DtH : z926941696i1s14 ==> z924844032i1
last event: DtH : z926941696i1s14 ==> z924844032i1
previous kernel: k4
HtD : z924844032i1 ==> z926942208i0s15
last event: HtD : z924844032i1 ==> z926942208i0s15
previous kernel: k4
k8
last event: k8
previous kernel: k8
HtD : z924844032i1 ==> z926942720i0s14
last event: HtD : z924844032i1 ==> z926942720i0s14
previous kernel: k8
k11
last event: k11
previous kernel: k11
DtH : z926943232i1s14 ==> z924844032i2
last event: DtH : z926943232i1s14 ==> z924844032i2
previous kernel: k11
HtD : z924844032i2 ==> z926943744i0s15
last event: HtD : z924844032i2 ==> z926943744i0s15
previous kernel: k11
k15
last event: k15
previous kernel: k15
HtD : z924844032i2 ==> z926944256i0s14
last event: HtD : z924844032i2 ==> z926944256i0s14
previous kernel: k15
k18
last event: k18
previous kernel: k18
DtH : z926944768i1s14 ==> z924844032i3
last event: DtH : z926944768i1s14 ==> z924844032i3
previous kernel: k18
HtD : z924844032i3 ==> z926945280i0s15
last event: HtD : z924844032i3 ==> z926945280i0s15
previous kernel: k18
k22
last event: k22
previous kernel: k22
HtD : z924844032i3 ==> z926945792i0s14
last event: HtD : z924844032i3 ==> z926945792i0s14
previous kernel: k22
k25
last event: k25
previous kernel: k25
DtH : z926946304i1s14 ==> z924844032i4
last event: DtH : z926946304i1s14 ==> z924844032i4
previous kernel: k25
HtD : z924844032i4 ==> z926946816i0s15
last event: HtD : z924844032i4 ==> z926946816i0s15
previous kernel: k25
k29
last event: k29
previous kernel: k29
streamtraces
