HtD : z924844032i0 ==> z926941184i0s14
last event: HtD : z924844032i0 ==> z926941184i0s14
previous kernel: None
k4
last event: k4
previous kernel: k4
DtH : z926941696i1s14 ==> z924844032i1
last event: DtH : z926941696i1s14 ==> z924844032i1
previous kernel: k4
HtD : z924844032i1 ==> z926942208i0s15
last event: HtD : z924844032i1 ==> z926942208i0s15
previous kernel: k4
k8
last event: k8
previous kernel: k8
HtD : z924844032i1 ==> z926942720i0s14
last event: HtD : z924844032i1 ==> z926942720i0s14
previous kernel: k8
k11
last event: k11
previous kernel: k11
DtH : z926943232i1s14 ==> z924844032i2
last event: DtH : z926943232i1s14 ==> z924844032i2
previous kernel: k11
HtD : z924844032i2 ==> z926943744i0s15
last event: HtD : z924844032i2 ==> z926943744i0s15
previous kernel: k11
k15
last event: k15
previous kernel: k15
HtD : z924844032i2 ==> z926944256i0s14
last event: HtD : z924844032i2 ==> z926944256i0s14
previous kernel: k15
k18
last event: k18
previous kernel: k18
DtH : z926944768i1s14 ==> z924844032i3
last event: DtH : z926944768i1s14 ==> z924844032i3
previous kernel: k18
HtD : z924844032i3 ==> z926945280i0s15
last event: HtD : z924844032i3 ==> z926945280i0s15
previous kernel: k18
k22
last event: k22
previous kernel: k22
HtD : z924844032i3 ==> z926945792i0s14
last event: HtD : z924844032i3 ==> z926945792i0s14
previous kernel: k22
k25
last event: k25
previous kernel: k25
DtH : z926946304i1s14 ==> z924844032i4
last event: DtH : z926946304i1s14 ==> z924844032i4
previous kernel: k25
HtD : z924844032i4 ==> z926946816i0s15
last event: HtD : z924844032i4 ==> z926946816i0s15
previous kernel: k25
k29
last event: k29
previous kernel: k29
streamtraces
==================
HtD : z924844032i4 ==> z926941184i1s14
k4
DtH : z926941696i1s14 ==> z924844032i4
HtD : z924844032i4 ==> z926942208i1s15
k8
HtD : z924844032i4 ==> z926942720i1s14
k11
DtH : z926943232i1s14 ==> z924844032i4
HtD : z924844032i4 ==> z926943744i1s15
k15
HtD : z924844032i4 ==> z926944256i1s14
k18
DtH : z926944768i1s14 ==> z924844032i4
HtD : z924844032i4 ==> z926945280i1s15
k22
HtD : z924844032i4 ==> z926945792i1s14
k25
DtH : z926946304i1s14 ==> z924844032i4
HtD : z924844032i4 ==> z926946816i1s15
k29
HtD : z3690983440i0 ==> z3590324224i0s7
last event: HtD : z3690983440i0 ==> z3590324224i0s7
previous kernel: None
HtD : z3690983440i0 ==> z3877634048i0s7
last event: HtD : z3690983440i0 ==> z3877634048i0s7
previous kernel: None
k3
last event: k3
previous kernel: k3
k5
last event: k5
previous kernel: k5
DtD : z3877634048i0s7 ==> z3877634560i1s7
last event: DtD : z3877634048i0s7 ==> z3877634560i1s7
previous kernel: k5
k7
last event: k7
previous kernel: k7
k10
last event: k10
previous kernel: k10
DtD : z3877634048i0s7 ==> z3877634560i1s7
last event: DtD : z3877634048i0s7 ==> z3877634560i1s7
previous kernel: k10
k12
last event: k12
previous kernel: k12
k15
last event: k15
previous kernel: k15
DtD : z3877634048i0s7 ==> z3877634560i1s7
last event: DtD : z3877634048i0s7 ==> z3877634560i1s7
previous kernel: k15
k17
last event: k17
previous kernel: k17
k20
last event: k20
previous kernel: k20
DtD : z3877634048i0s7 ==> z3877634560i1s7
last event: DtD : z3877634048i0s7 ==> z3877634560i1s7
previous kernel: k20
k22
last event: k22
previous kernel: k22
k25
last event: k25
previous kernel: k25
DtD : z3877634048i0s7 ==> z3877634560i1s7
last event: DtD : z3877634048i0s7 ==> z3877634560i1s7
previous kernel: k25
k27
last event: k27
previous kernel: k27
k30
last event: k30
previous kernel: k30
DtD : z3877634048i0s7 ==> z3877634560i1s7
last event: DtD : z3877634048i0s7 ==> z3877634560i1s7
previous kernel: k30
k32
last event: k32
previous kernel: k32
k35
last event: k35
previous kernel: k35
DtD : z3877634048i0s7 ==> z3877634560i1s7
last event: DtD : z3877634048i0s7 ==> z3877634560i1s7
previous kernel: k35
k37
last event: k37
previous kernel: k37
k40
last event: k40
previous kernel: k40
DtD : z3877634048i0s7 ==> z3877634560i1s7
last event: DtD : z3877634048i0s7 ==> z3877634560i1s7
previous kernel: k40
k42
last event: k42
previous kernel: k42
k45
last event: k45
previous kernel: k45
DtD : z3877634048i0s7 ==> z3877634560i1s7
last event: DtD : z3877634048i0s7 ==> z3877634560i1s7
previous kernel: k45
k47
last event: k47
previous kernel: k47
k50
last event: k50
previous kernel: k50
DtD : z3877634048i0s7 ==> z3877634560i1s7
last event: DtD : z3877634048i0s7 ==> z3877634560i1s7
previous kernel: k50
k52
last event: k52
previous kernel: k52
k55
last event: k55
previous kernel: k55
DtD : z3877634048i0s7 ==> z3877634560i1s7
last event: DtD : z3877634048i0s7 ==> z3877634560i1s7
previous kernel: k55
k57
last event: k57
previous kernel: k57
k60
last event: k60
previous kernel: k60
DtD : z3877634048i0s7 ==> z3877634560i1s7
last event: DtD : z3877634048i0s7 ==> z3877634560i1s7
previous kernel: k60
k62
last event: k62
previous kernel: k62
k65
last event: k65
previous kernel: k65
DtD : z3877634048i0s7 ==> z3877634560i1s7
last event: DtD : z3877634048i0s7 ==> z3877634560i1s7
previous kernel: k65
k67
last event: k67
previous kernel: k67
k70
last event: k70
previous kernel: k70
DtD : z3877634048i0s7 ==> z3877634560i1s7
last event: DtD : z3877634048i0s7 ==> z3877634560i1s7
previous kernel: k70
k72
last event: k72
previous kernel: k72
k75
last event: k75
previous kernel: k75
DtD : z3877634048i0s7 ==> z3877634560i1s7
last event: DtD : z3877634048i0s7 ==> z3877634560i1s7
previous kernel: k75
k77
last event: k77
previous kernel: k77
k80
last event: k80
previous kernel: k80
DtD : z3877634048i0s7 ==> z3877634560i1s7
last event: DtD : z3877634048i0s7 ==> z3877634560i1s7
previous kernel: k80
k82
last event: k82
previous kernel: k82
k85
last event: k85
previous kernel: k85
DtD : z3877634048i0s7 ==> z3877634560i1s7
last event: DtD : z3877634048i0s7 ==> z3877634560i1s7
previous kernel: k85
k87
last event: k87
previous kernel: k87
k90
last event: k90
previous kernel: k90
DtD : z3877634048i0s7 ==> z3877634560i1s7
last event: DtD : z3877634048i0s7 ==> z3877634560i1s7
previous kernel: k90
k92
last event: k92
previous kernel: k92
k95
last event: k95
previous kernel: k95
DtD : z3877634048i0s7 ==> z3877634560i1s7
last event: DtD : z3877634048i0s7 ==> z3877634560i1s7
previous kernel: k95
k97
last event: k97
previous kernel: k97
k100
last event: k100
previous kernel: k100
DtD : z3877634048i0s7 ==> z3877634560i1s7
last event: DtD : z3877634048i0s7 ==> z3877634560i1s7
previous kernel: k100
k102
last event: k102
previous kernel: k102
k105
last event: k105
previous kernel: k105
DtD : z3877634048i0s7 ==> z3877634560i1s7
last event: DtD : z3877634048i0s7 ==> z3877634560i1s7
previous kernel: k105
k107
last event: k107
previous kernel: k107
k110
last event: k110
previous kernel: k110
DtD : z3877634048i0s7 ==> z3877634560i1s7
last event: DtD : z3877634048i0s7 ==> z3877634560i1s7
previous kernel: k110
k112
last event: k112
previous kernel: k112
k115
last event: k115
previous kernel: k115
DtD : z3877634048i0s7 ==> z3877634560i1s7
last event: DtD : z3877634048i0s7 ==> z3877634560i1s7
previous kernel: k115
k117
last event: k117
previous kernel: k117
k120
last event: k120
previous kernel: k120
DtD : z3877634048i0s7 ==> z3877634560i1s7
last event: DtD : z3877634048i0s7 ==> z3877634560i1s7
previous kernel: k120
k122
last event: k122
previous kernel: k122
k125
last event: k125
previous kernel: k125
DtD : z3877634048i0s7 ==> z3877634560i1s7
last event: DtD : z3877634048i0s7 ==> z3877634560i1s7
previous kernel: k125
k127
last event: k127
previous kernel: k127
k130
last event: k130
previous kernel: k130
DtD : z3877634048i0s7 ==> z3877634560i1s7
last event: DtD : z3877634048i0s7 ==> z3877634560i1s7
previous kernel: k130
k132
last event: k132
previous kernel: k132
k135
last event: k135
previous kernel: k135
DtD : z3877634048i0s7 ==> z3877634560i1s7
last event: DtD : z3877634048i0s7 ==> z3877634560i1s7
previous kernel: k135
k137
last event: k137
previous kernel: k137
k140
last event: k140
previous kernel: k140
DtD : z3877634048i0s7 ==> z3877634560i1s7
last event: DtD : z3877634048i0s7 ==> z3877634560i1s7
previous kernel: k140
k142
last event: k142
previous kernel: k142
k145
last event: k145
previous kernel: k145
DtD : z3877634048i0s7 ==> z3877634560i1s7
last event: DtD : z3877634048i0s7 ==> z3877634560i1s7
previous kernel: k145
k147
last event: k147
previous kernel: k147
k150
last event: k150
previous kernel: k150
DtD : z3877634048i0s7 ==> z3877634560i1s7
last event: DtD : z3877634048i0s7 ==> z3877634560i1s7
previous kernel: k150
k152
last event: k152
previous kernel: k152
k155
last event: k155
previous kernel: k155
DtD : z3877634048i0s7 ==> z3877634560i1s7
last event: DtD : z3877634048i0s7 ==> z3877634560i1s7
previous kernel: k155
k157
last event: k157
previous kernel: k157
k160
last event: k160
previous kernel: k160
DtD : z3877634048i0s7 ==> z3877634560i1s7
last event: DtD : z3877634048i0s7 ==> z3877634560i1s7
previous kernel: k160
k162
last event: k162
previous kernel: k162
k165
last event: k165
previous kernel: k165
DtD : z3877634048i0s7 ==> z3877634560i1s7
last event: DtD : z3877634048i0s7 ==> z3877634560i1s7
previous kernel: k165
k167
last event: k167
previous kernel: k167
k170
last event: k170
previous kernel: k170
DtD : z3877634048i0s7 ==> z3877634560i1s7
last event: DtD : z3877634048i0s7 ==> z3877634560i1s7
previous kernel: k170
k172
last event: k172
previous kernel: k172
k175
last event: k175
previous kernel: k175
DtD : z3877634048i0s7 ==> z3877634560i1s7
last event: DtD : z3877634048i0s7 ==> z3877634560i1s7
previous kernel: k175
k177
last event: k177
previous kernel: k177
k180
last event: k180
previous kernel: k180
DtD : z3877634048i0s7 ==> z3877634560i1s7
last event: DtD : z3877634048i0s7 ==> z3877634560i1s7
previous kernel: k180
k182
last event: k182
previous kernel: k182
k185
last event: k185
previous kernel: k185
DtD : z3877634048i0s7 ==> z3877634560i1s7
last event: DtD : z3877634048i0s7 ==> z3877634560i1s7
previous kernel: k185
k187
last event: k187
previous kernel: k187
k190
last event: k190
previous kernel: k190
DtD : z3877634048i0s7 ==> z3877634560i1s7
last event: DtD : z3877634048i0s7 ==> z3877634560i1s7
previous kernel: k190
k192
last event: k192
previous kernel: k192
k195
last event: k195
previous kernel: k195
DtD : z3877634048i0s7 ==> z3877634560i1s7
last event: DtD : z3877634048i0s7 ==> z3877634560i1s7
previous kernel: k195
k197
last event: k197
previous kernel: k197
k200
last event: k200
previous kernel: k200
DtD : z3877634048i0s7 ==> z3877634560i1s7
last event: DtD : z3877634048i0s7 ==> z3877634560i1s7
previous kernel: k200
k202
last event: k202
previous kernel: k202
k205
last event: k205
previous kernel: k205
DtD : z3877634048i0s7 ==> z3877634560i1s7
last event: DtD : z3877634048i0s7 ==> z3877634560i1s7
previous kernel: k205
k207
last event: k207
previous kernel: k207
k210
last event: k210
previous kernel: k210
DtD : z3877634048i0s7 ==> z3877634560i1s7
last event: DtD : z3877634048i0s7 ==> z3877634560i1s7
previous kernel: k210
k212
last event: k212
previous kernel: k212
k215
last event: k215
previous kernel: k215
DtD : z3877634048i0s7 ==> z3877634560i1s7
last event: DtD : z3877634048i0s7 ==> z3877634560i1s7
previous kernel: k215
k217
last event: k217
previous kernel: k217
k220
last event: k220
previous kernel: k220
DtD : z3877634048i0s7 ==> z3877634560i1s7
last event: DtD : z3877634048i0s7 ==> z3877634560i1s7
previous kernel: k220
k222
last event: k222
previous kernel: k222
k225
last event: k225
previous kernel: k225
DtD : z3877634048i0s7 ==> z3877634560i1s7
last event: DtD : z3877634048i0s7 ==> z3877634560i1s7
previous kernel: k225
k227
last event: k227
previous kernel: k227
k230
last event: k230
previous kernel: k230
DtD : z3877634048i0s7 ==> z3877634560i1s7
last event: DtD : z3877634048i0s7 ==> z3877634560i1s7
previous kernel: k230
k232
last event: k232
previous kernel: k232
k235
last event: k235
previous kernel: k235
DtD : z3877634048i0s7 ==> z3877634560i1s7
last event: DtD : z3877634048i0s7 ==> z3877634560i1s7
previous kernel: k235
k237
last event: k237
previous kernel: k237
k240
last event: k240
previous kernel: k240
DtD : z3877634048i0s7 ==> z3877634560i1s7
last event: DtD : z3877634048i0s7 ==> z3877634560i1s7
previous kernel: k240
k242
last event: k242
previous kernel: k242
k245
last event: k245
previous kernel: k245
DtD : z3877634048i0s7 ==> z3877634560i1s7
last event: DtD : z3877634048i0s7 ==> z3877634560i1s7
previous kernel: k245
k247
last event: k247
previous kernel: k247
k250
last event: k250
previous kernel: k250
DtD : z3877634048i0s7 ==> z3877634560i1s7
last event: DtD : z3877634048i0s7 ==> z3877634560i1s7
previous kernel: k250
k252
last event: k252
previous kernel: k252
k255
last event: k255
previous kernel: k255
DtD : z3877634048i0s7 ==> z3877634560i1s7
last event: DtD : z3877634048i0s7 ==> z3877634560i1s7
previous kernel: k255
k257
last event: k257
previous kernel: k257
k260
last event: k260
previous kernel: k260
DtD : z3877634048i0s7 ==> z3877634560i1s7
last event: DtD : z3877634048i0s7 ==> z3877634560i1s7
previous kernel: k260
k262
last event: k262
previous kernel: k262
k265
last event: k265
previous kernel: k265
DtD : z3877634048i0s7 ==> z3877634560i1s7
last event: DtD : z3877634048i0s7 ==> z3877634560i1s7
previous kernel: k265
k267
last event: k267
previous kernel: k267
k270
last event: k270
previous kernel: k270
DtD : z3877634048i0s7 ==> z3877634560i1s7
last event: DtD : z3877634048i0s7 ==> z3877634560i1s7
previous kernel: k270
k272
last event: k272
previous kernel: k272
k275
last event: k275
previous kernel: k275
DtD : z3877634048i0s7 ==> z3877634560i1s7
last event: DtD : z3877634048i0s7 ==> z3877634560i1s7
previous kernel: k275
k277
last event: k277
previous kernel: k277
k280
last event: k280
previous kernel: k280
DtD : z3877634048i0s7 ==> z3877634560i1s7
last event: DtD : z3877634048i0s7 ==> z3877634560i1s7
previous kernel: k280
k282
last event: k282
previous kernel: k282
k285
last event: k285
previous kernel: k285
DtD : z3877634048i0s7 ==> z3877634560i1s7
last event: DtD : z3877634048i0s7 ==> z3877634560i1s7
previous kernel: k285
k287
last event: k287
previous kernel: k287
k290
last event: k290
previous kernel: k290
DtD : z3877634048i0s7 ==> z3877634560i1s7
last event: DtD : z3877634048i0s7 ==> z3877634560i1s7
previous kernel: k290
k292
last event: k292
previous kernel: k292
k295
last event: k295
previous kernel: k295
DtD : z3877634048i0s7 ==> z3877634560i1s7
last event: DtD : z3877634048i0s7 ==> z3877634560i1s7
previous kernel: k295
k297
last event: k297
previous kernel: k297
k300
last event: k300
previous kernel: k300
DtD : z3877634048i0s7 ==> z3877634560i1s7
last event: DtD : z3877634048i0s7 ==> z3877634560i1s7
previous kernel: k300
k302
last event: k302
previous kernel: k302
k305
last event: k305
previous kernel: k305
DtD : z3877634048i0s7 ==> z3877634560i1s7
last event: DtD : z3877634048i0s7 ==> z3877634560i1s7
previous kernel: k305
k307
last event: k307
previous kernel: k307
k310
last event: k310
previous kernel: k310
DtD : z3877634048i0s7 ==> z3877634560i1s7
last event: DtD : z3877634048i0s7 ==> z3877634560i1s7
previous kernel: k310
k312
last event: k312
previous kernel: k312
k315
last event: k315
previous kernel: k315
DtD : z3877634048i0s7 ==> z3877634560i1s7
last event: DtD : z3877634048i0s7 ==> z3877634560i1s7
previous kernel: k315
k317
last event: k317
previous kernel: k317
k320
last event: k320
previous kernel: k320
DtD : z3877634048i0s7 ==> z3877634560i1s7
last event: DtD : z3877634048i0s7 ==> z3877634560i1s7
previous kernel: k320
k322
last event: k322
previous kernel: k322
k325
last event: k325
previous kernel: k325
DtD : z3877634048i0s7 ==> z3877634560i1s7
last event: DtD : z3877634048i0s7 ==> z3877634560i1s7
previous kernel: k325
k327
last event: k327
previous kernel: k327
k330
last event: k330
previous kernel: k330
DtD : z3877634048i0s7 ==> z3877634560i1s7
last event: DtD : z3877634048i0s7 ==> z3877634560i1s7
previous kernel: k330
k332
last event: k332
previous kernel: k332
k335
last event: k335
previous kernel: k335
DtD : z3877634048i0s7 ==> z3877634560i1s7
last event: DtD : z3877634048i0s7 ==> z3877634560i1s7
previous kernel: k335
k337
last event: k337
previous kernel: k337
k340
last event: k340
previous kernel: k340
DtD : z3877634048i0s7 ==> z3877634560i1s7
last event: DtD : z3877634048i0s7 ==> z3877634560i1s7
previous kernel: k340
k342
last event: k342
previous kernel: k342
k345
last event: k345
previous kernel: k345
DtD : z3877634048i0s7 ==> z3877634560i1s7
last event: DtD : z3877634048i0s7 ==> z3877634560i1s7
previous kernel: k345
k347
last event: k347
previous kernel: k347
k350
last event: k350
previous kernel: k350
DtD : z3877634048i0s7 ==> z3877634560i1s7
last event: DtD : z3877634048i0s7 ==> z3877634560i1s7
previous kernel: k350
k352
last event: k352
previous kernel: k352
k355
last event: k355
previous kernel: k355
DtD : z3877634048i0s7 ==> z3877634560i1s7
last event: DtD : z3877634048i0s7 ==> z3877634560i1s7
previous kernel: k355
k357
last event: k357
previous kernel: k357
k360
last event: k360
previous kernel: k360
DtD : z3877634048i0s7 ==> z3877634560i1s7
last event: DtD : z3877634048i0s7 ==> z3877634560i1s7
previous kernel: k360
k362
last event: k362
previous kernel: k362
k365
last event: k365
previous kernel: k365
DtD : z3877634048i0s7 ==> z3877634560i1s7
last event: DtD : z3877634048i0s7 ==> z3877634560i1s7
previous kernel: k365
k367
last event: k367
previous kernel: k367
k370
last event: k370
previous kernel: k370
DtD : z3877634048i0s7 ==> z3877634560i1s7
last event: DtD : z3877634048i0s7 ==> z3877634560i1s7
previous kernel: k370
k372
last event: k372
previous kernel: k372
k375
last event: k375
previous kernel: k375
DtD : z3877634048i0s7 ==> z3877634560i1s7
last event: DtD : z3877634048i0s7 ==> z3877634560i1s7
previous kernel: k375
k377
last event: k377
previous kernel: k377
k380
last event: k380
previous kernel: k380
DtD : z3877634048i0s7 ==> z3877634560i1s7
last event: DtD : z3877634048i0s7 ==> z3877634560i1s7
previous kernel: k380
k382
last event: k382
previous kernel: k382
k385
last event: k385
previous kernel: k385
DtD : z3877634048i0s7 ==> z3877634560i1s7
last event: DtD : z3877634048i0s7 ==> z3877634560i1s7
previous kernel: k385
k387
last event: k387
previous kernel: k387
k390
last event: k390
previous kernel: k390
DtD : z3877634048i0s7 ==> z3877634560i1s7
last event: DtD : z3877634048i0s7 ==> z3877634560i1s7
previous kernel: k390
k392
last event: k392
previous kernel: k392
k395
last event: k395
previous kernel: k395
DtD : z3877634048i0s7 ==> z3877634560i1s7
last event: DtD : z3877634048i0s7 ==> z3877634560i1s7
previous kernel: k395
k397
last event: k397
previous kernel: k397
k400
last event: k400
previous kernel: k400
DtD : z3877634048i0s7 ==> z3877634560i1s7
last event: DtD : z3877634048i0s7 ==> z3877634560i1s7
previous kernel: k400
k402
last event: k402
previous kernel: k402
k405
last event: k405
previous kernel: k405
DtD : z3877634048i0s7 ==> z3877634560i1s7
last event: DtD : z3877634048i0s7 ==> z3877634560i1s7
previous kernel: k405
k407
last event: k407
previous kernel: k407
k410
last event: k410
previous kernel: k410
DtD : z3877634048i0s7 ==> z3877634560i1s7
last event: DtD : z3877634048i0s7 ==> z3877634560i1s7
previous kernel: k410
k412
last event: k412
previous kernel: k412
k415
last event: k415
previous kernel: k415
DtD : z3877634048i0s7 ==> z3877634560i1s7
last event: DtD : z3877634048i0s7 ==> z3877634560i1s7
previous kernel: k415
k417
last event: k417
previous kernel: k417
k420
last event: k420
previous kernel: k420
DtD : z3877634048i0s7 ==> z3877634560i1s7
last event: DtD : z3877634048i0s7 ==> z3877634560i1s7
previous kernel: k420
k422
last event: k422
previous kernel: k422
k425
last event: k425
previous kernel: k425
DtD : z3877634048i0s7 ==> z3877634560i1s7
last event: DtD : z3877634048i0s7 ==> z3877634560i1s7
previous kernel: k425
k427
last event: k427
previous kernel: k427
k430
last event: k430
previous kernel: k430
DtD : z3877634048i0s7 ==> z3877634560i1s7
last event: DtD : z3877634048i0s7 ==> z3877634560i1s7
previous kernel: k430
k432
last event: k432
previous kernel: k432
k435
last event: k435
previous kernel: k435
DtD : z3877634048i0s7 ==> z3877634560i1s7
last event: DtD : z3877634048i0s7 ==> z3877634560i1s7
previous kernel: k435
k437
last event: k437
previous kernel: k437
k440
last event: k440
previous kernel: k440
DtD : z3877634048i0s7 ==> z3877634560i1s7
last event: DtD : z3877634048i0s7 ==> z3877634560i1s7
previous kernel: k440
k442
last event: k442
previous kernel: k442
k445
last event: k445
previous kernel: k445
DtD : z3877634048i0s7 ==> z3877634560i1s7
last event: DtD : z3877634048i0s7 ==> z3877634560i1s7
previous kernel: k445
k447
last event: k447
previous kernel: k447
k450
last event: k450
previous kernel: k450
DtD : z3877634048i0s7 ==> z3877634560i1s7
last event: DtD : z3877634048i0s7 ==> z3877634560i1s7
previous kernel: k450
k452
last event: k452
previous kernel: k452
k455
last event: k455
previous kernel: k455
DtD : z3877634048i0s7 ==> z3877634560i1s7
last event: DtD : z3877634048i0s7 ==> z3877634560i1s7
previous kernel: k455
k457
last event: k457
previous kernel: k457
k460
last event: k460
previous kernel: k460
DtD : z3877634048i0s7 ==> z3877634560i1s7
last event: DtD : z3877634048i0s7 ==> z3877634560i1s7
previous kernel: k460
k462
last event: k462
previous kernel: k462
k465
last event: k465
previous kernel: k465
DtD : z3877634048i0s7 ==> z3877634560i1s7
last event: DtD : z3877634048i0s7 ==> z3877634560i1s7
previous kernel: k465
k467
last event: k467
previous kernel: k467
k470
last event: k470
previous kernel: k470
DtD : z3877634048i0s7 ==> z3877634560i1s7
last event: DtD : z3877634048i0s7 ==> z3877634560i1s7
previous kernel: k470
k472
last event: k472
previous kernel: k472
k475
last event: k475
previous kernel: k475
DtD : z3877634048i0s7 ==> z3877634560i1s7
last event: DtD : z3877634048i0s7 ==> z3877634560i1s7
previous kernel: k475
k477
last event: k477
previous kernel: k477
k480
last event: k480
previous kernel: k480
DtD : z3877634048i0s7 ==> z3877634560i1s7
last event: DtD : z3877634048i0s7 ==> z3877634560i1s7
previous kernel: k480
k482
last event: k482
previous kernel: k482
k485
last event: k485
previous kernel: k485
DtD : z3877634048i0s7 ==> z3877634560i1s7
last event: DtD : z3877634048i0s7 ==> z3877634560i1s7
previous kernel: k485
k487
last event: k487
previous kernel: k487
k490
last event: k490
previous kernel: k490
DtD : z3877634048i0s7 ==> z3877634560i1s7
last event: DtD : z3877634048i0s7 ==> z3877634560i1s7
previous kernel: k490
k492
last event: k492
previous kernel: k492
k495
last event: k495
previous kernel: k495
DtD : z3877634048i0s7 ==> z3877634560i1s7
last event: DtD : z3877634048i0s7 ==> z3877634560i1s7
previous kernel: k495
k497
last event: k497
previous kernel: k497
k500
last event: k500
previous kernel: k500
DtD : z3877634048i0s7 ==> z3877634560i1s7
last event: DtD : z3877634048i0s7 ==> z3877634560i1s7
previous kernel: k500
k502
last event: k502
previous kernel: k502
DtH : z3877634048i2s7 ==> z4274200016i1
last event: DtH : z3877634048i2s7 ==> z4274200016i1
previous kernel: k502
reductiontraces
==================
HtD : z3690983440i0 ==> z3590324224i1s7
HtD : z3690983440i0 ==> z3877634048i2s7
k3
k5
DtD : z3877634048i0s7 ==> z3877634560i2s7
k7
k10
DtD : z3877634048i0s7 ==> z3877634560i2s7
k12
k15
DtD : z3877634048i0s7 ==> z3877634560i2s7
k17
k20
DtD : z3877634048i0s7 ==> z3877634560i2s7
k22
k25
DtD : z3877634048i0s7 ==> z3877634560i2s7
k27
k30
DtD : z3877634048i0s7 ==> z3877634560i2s7
k32
k35
DtD : z3877634048i0s7 ==> z3877634560i2s7
k37
k40
DtD : z3877634048i0s7 ==> z3877634560i2s7
k42
k45
DtD : z3877634048i0s7 ==> z3877634560i2s7
k47
k50
DtD : z3877634048i0s7 ==> z3877634560i2s7
k52
k55
DtD : z3877634048i0s7 ==> z3877634560i2s7
k57
k60
DtD : z3877634048i0s7 ==> z3877634560i2s7
k62
k65
DtD : z3877634048i0s7 ==> z3877634560i2s7
k67
k70
DtD : z3877634048i0s7 ==> z3877634560i2s7
k72
k75
DtD : z3877634048i0s7 ==> z3877634560i2s7
k77
k80
DtD : z3877634048i0s7 ==> z3877634560i2s7
k82
k85
DtD : z3877634048i0s7 ==> z3877634560i2s7
k87
k90
DtD : z3877634048i0s7 ==> z3877634560i2s7
k92
k95
DtD : z3877634048i0s7 ==> z3877634560i2s7
k97
k100
DtD : z3877634048i0s7 ==> z3877634560i2s7
k102
k105
DtD : z3877634048i0s7 ==> z3877634560i2s7
k107
k110
DtD : z3877634048i0s7 ==> z3877634560i2s7
k112
k115
DtD : z3877634048i0s7 ==> z3877634560i2s7
k117
k120
DtD : z3877634048i0s7 ==> z3877634560i2s7
k122
k125
DtD : z3877634048i0s7 ==> z3877634560i2s7
k127
k130
DtD : z3877634048i0s7 ==> z3877634560i2s7
k132
k135
DtD : z3877634048i0s7 ==> z3877634560i2s7
k137
k140
DtD : z3877634048i0s7 ==> z3877634560i2s7
k142
k145
DtD : z3877634048i0s7 ==> z3877634560i2s7
k147
k150
DtD : z3877634048i0s7 ==> z3877634560i2s7
k152
k155
DtD : z3877634048i0s7 ==> z3877634560i2s7
k157
k160
DtD : z3877634048i0s7 ==> z3877634560i2s7
k162
k165
DtD : z3877634048i0s7 ==> z3877634560i2s7
k167
k170
DtD : z3877634048i0s7 ==> z3877634560i2s7
k172
k175
DtD : z3877634048i0s7 ==> z3877634560i2s7
k177
k180
DtD : z3877634048i0s7 ==> z3877634560i2s7
k182
k185
DtD : z3877634048i0s7 ==> z3877634560i2s7
k187
k190
DtD : z3877634048i0s7 ==> z3877634560i2s7
k192
k195
DtD : z3877634048i0s7 ==> z3877634560i2s7
k197
k200
DtD : z3877634048i0s7 ==> z3877634560i2s7
k202
k205
DtD : z3877634048i0s7 ==> z3877634560i2s7
k207
k210
DtD : z3877634048i0s7 ==> z3877634560i2s7
k212
k215
DtD : z3877634048i0s7 ==> z3877634560i2s7
k217
k220
DtD : z3877634048i0s7 ==> z3877634560i2s7
k222
k225
DtD : z3877634048i0s7 ==> z3877634560i2s7
k227
k230
DtD : z3877634048i0s7 ==> z3877634560i2s7
k232
k235
DtD : z3877634048i0s7 ==> z3877634560i2s7
k237
k240
DtD : z3877634048i0s7 ==> z3877634560i2s7
k242
k245
DtD : z3877634048i0s7 ==> z3877634560i2s7
k247
k250
DtD : z3877634048i0s7 ==> z3877634560i2s7
k252
k255
DtD : z3877634048i0s7 ==> z3877634560i2s7
k257
k260
DtD : z3877634048i0s7 ==> z3877634560i2s7
k262
k265
DtD : z3877634048i0s7 ==> z3877634560i2s7
k267
k270
DtD : z3877634048i0s7 ==> z3877634560i2s7
k272
k275
DtD : z3877634048i0s7 ==> z3877634560i2s7
k277
k280
DtD : z3877634048i0s7 ==> z3877634560i2s7
k282
k285
DtD : z3877634048i0s7 ==> z3877634560i2s7
k287
k290
DtD : z3877634048i0s7 ==> z3877634560i2s7
k292
k295
DtD : z3877634048i0s7 ==> z3877634560i2s7
k297
k300
DtD : z3877634048i0s7 ==> z3877634560i2s7
k302
k305
DtD : z3877634048i0s7 ==> z3877634560i2s7
k307
k310
DtD : z3877634048i0s7 ==> z3877634560i2s7
k312
k315
DtD : z3877634048i0s7 ==> z3877634560i2s7
k317
k320
DtD : z3877634048i0s7 ==> z3877634560i2s7
k322
k325
DtD : z3877634048i0s7 ==> z3877634560i2s7
k327
k330
DtD : z3877634048i0s7 ==> z3877634560i2s7
k332
k335
DtD : z3877634048i0s7 ==> z3877634560i2s7
k337
k340
DtD : z3877634048i0s7 ==> z3877634560i2s7
k342
k345
DtD : z3877634048i0s7 ==> z3877634560i2s7
k347
k350
DtD : z3877634048i0s7 ==> z3877634560i2s7
k352
k355
DtD : z3877634048i0s7 ==> z3877634560i2s7
k357
k360
DtD : z3877634048i0s7 ==> z3877634560i2s7
k362
k365
DtD : z3877634048i0s7 ==> z3877634560i2s7
k367
k370
DtD : z3877634048i0s7 ==> z3877634560i2s7
k372
k375
DtD : z3877634048i0s7 ==> z3877634560i2s7
k377
k380
DtD : z3877634048i0s7 ==> z3877634560i2s7
k382
k385
DtD : z3877634048i0s7 ==> z3877634560i2s7
k387
k390
DtD : z3877634048i0s7 ==> z3877634560i2s7
k392
k395
DtD : z3877634048i0s7 ==> z3877634560i2s7
k397
k400
DtD : z3877634048i0s7 ==> z3877634560i2s7
k402
k405
DtD : z3877634048i0s7 ==> z3877634560i2s7
k407
k410
DtD : z3877634048i0s7 ==> z3877634560i2s7
k412
k415
DtD : z3877634048i0s7 ==> z3877634560i2s7
k417
k420
DtD : z3877634048i0s7 ==> z3877634560i2s7
k422
k425
DtD : z3877634048i0s7 ==> z3877634560i2s7
k427
k430
DtD : z3877634048i0s7 ==> z3877634560i2s7
k432
k435
DtD : z3877634048i0s7 ==> z3877634560i2s7
k437
k440
DtD : z3877634048i0s7 ==> z3877634560i2s7
k442
k445
DtD : z3877634048i0s7 ==> z3877634560i2s7
k447
k450
DtD : z3877634048i0s7 ==> z3877634560i2s7
k452
k455
DtD : z3877634048i0s7 ==> z3877634560i2s7
k457
k460
DtD : z3877634048i0s7 ==> z3877634560i2s7
k462
k465
DtD : z3877634048i0s7 ==> z3877634560i2s7
k467
k470
DtD : z3877634048i0s7 ==> z3877634560i2s7
k472
k475
DtD : z3877634048i0s7 ==> z3877634560i2s7
k477
k480
DtD : z3877634048i0s7 ==> z3877634560i2s7
k482
k485
DtD : z3877634048i0s7 ==> z3877634560i2s7
k487
k490
DtD : z3877634048i0s7 ==> z3877634560i2s7
k492
k495
DtD : z3877634048i0s7 ==> z3877634560i2s7
k497
k500
DtD : z3877634048i0s7 ==> z3877634560i2s7
k502
DtH : z3877634048i2s7 ==> z4274200016i1
